<?xml version="1.0" encoding="UTF-8"?>
<!-- Generated by org.testng.reporters.JUnitReportReporter -->
<testsuite hostname="DESKTOP-MHJS6DJ" failures="0" tests="3" name="com.QA.Test.TC001_LoginTest" time="42.968" errors="0" timestamp="2022-10-19T13:15:14 IST" skipped="0">
  <testcase classname="com.QA.Test.TC001_LoginTest" name="invalidUserName" time="15.364"/>
  <system-out/>
  <testcase classname="com.QA.Test.TC001_LoginTest" name="successfulLogin" time="13.065"/>
  <system-out/>
  <testcase classname="com.QA.Test.TC001_LoginTest" name="invalidPassword" time="14.539"/>
  <system-out/>
</testsuite> <!-- com.QA.Test.TC001_LoginTest -->
