<?xml version="1.0" encoding="UTF-8"?>
<!-- Generated by org.testng.reporters.JUnitReportReporter -->
<testsuite hostname="DESKTOP-MHJS6DJ" failures="0" tests="3" name="com.QA.Test.TC001_LoginTest" time="43.927" errors="0" timestamp="2022-10-19T13:19:25 IST" skipped="0">
  <testcase classname="com.QA.Test.TC001_LoginTest" name="successfulLogin" time="13.466"/>
  <system-out/>
  <testcase classname="com.QA.Test.TC001_LoginTest" name="invalidPassword" time="15.190"/>
  <system-out/>
  <testcase classname="com.QA.Test.TC001_LoginTest" name="invalidUserName" time="15.271"/>
  <system-out/>
</testsuite> <!-- com.QA.Test.TC001_LoginTest -->
